<?xml version="1.0" encoding="UTF-8"?>
<!-- Generated by org.testng.reporters.JUnitReportReporter -->
<testsuite hostname="DESKTOP-EVK9GMC" failures="0" tests="1" name="debuggingExamples.Test0" time="0.048" errors="0" timestamp="2021-01-28T14:51:33 IST" skipped="0">
  <testcase classname="debuggingExamples.Test0" name="test" time="0.048"/>
</testsuite> <!-- debuggingExamples.Test0 -->
